2026-01-29 13:09:13,974 [INFO] MT5接続成功
2026-01-29 13:09:13,974 [INFO]   口座番号: 75469338
2026-01-29 13:09:13,975 [INFO]   サーバー: XMTrading-MT5 3
2026-01-29 13:09:13,975 [INFO]   残高: 4938306.00 JPY
2026-01-29 13:09:13,975 [INFO]   レバレッジ: 1:10
2026-01-29 13:09:13,976 [INFO] ============================================================
2026-01-29 13:09:13,976 [INFO]  デモ取引開始
2026-01-29 13:09:13,976 [INFO] ============================================================
2026-01-29 13:09:13,976 [INFO] 対象: ['EURUSD', 'USDJPY']
2026-01-29 13:09:13,976 [INFO] タイムフレーム: H1
2026-01-29 13:09:13,977 [INFO] 初期資金: 10000.0
2026-01-29 13:09:13,977 [INFO] レバレッジ: 3倍
2026-01-29 13:09:13,977 [INFO] DRY RUN: False
2026-01-29 13:09:13,978 [INFO] ============================================================
2026-01-29 13:09:14,014 [INFO] モデル読み込み: EURUSD
2026-01-29 13:09:14,075 [INFO] モデル読み込み: USDJPY
2026-01-29 13:09:14,088 [INFO] 60秒ごとにチェック中... (Ctrl+C で停止)
2026-01-29 13:09:14,091 [INFO] ============================================================
2026-01-29 13:09:14,094 [INFO] チェック時刻: 2026-01-29 04:09:14 UTC
2026-01-29 13:09:14,095 [INFO] ============================================================
2026-01-29 13:09:14,096 [INFO] --- EURUSD ---
2026-01-29 13:09:14,265 [WARNING] 特徴量不足: {'sma_5', 'log_returns', 'ema_10', 'volatility_20', 'ema_50', 'sma_100', 'returns', 'plus_di', 'minus_di', 'ema_20', 'ema_100', 'sma_10', 'ema_5', 'ema_200'}
2026-01-29 13:09:14,265 [WARNING] 予測失敗
2026-01-29 13:09:14,265 [INFO] --- USDJPY ---
2026-01-29 13:09:14,328 [WARNING] 特徴量不足: {'sma_5', 'log_returns', 'ema_10', 'volatility_20', 'ema_50', 'sma_100', 'returns', 'plus_di', 'minus_di', 'ema_20', 'ema_100', 'sma_10', 'ema_5', 'ema_200'}
2026-01-29 13:09:14,328 [WARNING] 予測失敗
2026-01-29 13:10:24,364 [INFO] MT5接続成功
2026-01-29 13:10:24,365 [INFO]   口座番号: 75469338
2026-01-29 13:10:24,365 [INFO]   サーバー: XMTrading-MT5 3
2026-01-29 13:10:24,365 [INFO]   残高: 4938306.00 JPY
2026-01-29 13:10:24,365 [INFO]   レバレッジ: 1:10
2026-01-29 13:10:24,365 [INFO] ============================================================
2026-01-29 13:10:24,365 [INFO]  デモ取引開始
2026-01-29 13:10:24,366 [INFO] ============================================================
2026-01-29 13:10:24,366 [INFO] 対象: ['EURUSD', 'USDJPY']
2026-01-29 13:10:24,366 [INFO] タイムフレーム: H1
2026-01-29 13:10:24,366 [INFO] 初期資金: 10000.0
2026-01-29 13:10:24,366 [INFO] レバレッジ: 3倍
2026-01-29 13:10:24,366 [INFO] DRY RUN: False
2026-01-29 13:10:24,366 [INFO] ============================================================
2026-01-29 13:10:24,366 [ERROR] モデルファイルが見つかりません: C:\Users\kuniyoshi\Desktop\projects\trade\models\EURUSD_model.txt
2026-01-29 13:10:24,366 [ERROR] 先にモデルを学習してください。
2026-01-29 13:10:24,367 [INFO] モデルを学習します...
2026-01-29 13:10:24,371 [INFO] EURUSD のモデルを学習中...
2026-01-29 13:10:26,456 [INFO] モデル保存完了: EURUSD
2026-01-29 13:10:26,456 [INFO] USDJPY のモデルを学習中...
2026-01-29 13:10:28,134 [INFO] モデル保存完了: USDJPY
2026-01-29 13:10:28,137 [INFO] 60秒ごとにチェック中... (Ctrl+C で停止)
2026-01-29 13:10:28,137 [INFO] ============================================================
2026-01-29 13:10:28,138 [INFO] チェック時刻: 2026-01-29 04:10:28 UTC
2026-01-29 13:10:28,138 [INFO] ============================================================
2026-01-29 13:10:28,138 [INFO] --- EURUSD ---
2026-01-29 13:10:28,139 [INFO] スプレッド過大: 2.0 > 2.0
2026-01-29 13:10:28,139 [INFO] --- USDJPY ---
2026-01-29 13:10:28,182 [INFO] 予測: buy 信頼度=0.646
2026-01-29 13:10:28,183 [INFO] ★ シグナル発生! USDJPY buy
2026-01-29 13:10:28,183 [INFO]   価格: 152.92100
2026-01-29 13:10:28,183 [INFO]   SL: 152.21657 (70.4pips)
2026-01-29 13:10:28,184 [INFO]   TP: 153.97764 (105.7pips)
2026-01-29 13:10:28,184 [INFO]   ロット: 0.43
2026-01-29 13:10:28,184 [INFO]   リスク調整: 1.00
2026-01-29 13:10:28,419 [INFO] ★★★ 注文成功: USDJPY buy 0.43lot @ 152.94500 ★★★
2026-01-29 13:10:28,419 [INFO] 注文発注完了
